info it worked if it ends with ok
verbose cli [ 'C:\\Program Files (x86)\\nodejs\\\\node.exe',
verbose cli   'C:\\Program Files (x86)\\nodejs\\node_modules\\npm\\bin\\npm-cli.js',
verbose cli   'install',
verbose cli   'node' ]
info using npm@1.1.0-2
info using node@v0.6.8
verbose config file C:\Users\Oliv\.npmrc
verbose config file C:\Program Files (x86)\nodejs\etc\npmrc
verbose config file C:\Program Files (x86)\nodejs\node_modules\npm\npmrc
verbose mkdir done: C:\Users\Oliv\AppData\Roaming\npm 755
verbose mkdir done: C:\Users\Oliv\Desktop\INGESUP\Twitter\Twitter\app\assets 755
verbose caching C:\Users\Oliv\Desktop\INGESUP\Twitter\Twitter\app\assets\node_modules\socket.io\package.json
verbose loadDefaults socket.io@0.8.7
verbose cache add [ 'node', null ]
silly cache add: name, spec, args [ undefined, 'node', [ 'node', null ] ]
verbose parsed url { pathname: 'node', path: 'node', href: 'node' }
verbose addNamed [ 'node', '' ]
verbose addNamed [ null, '' ]
silly name, range, hasData [ 'node', '', false ]
verbose raw, before any munging node
verbose url resolving [ 'https://registry.npmjs.org/', './node' ]
verbose url resolved https://registry.npmjs.org/node
http GET https://registry.npmjs.org/node
http 404 https://registry.npmjs.org/node
silly get cb [ 404,
silly get cb   { server: 'CouchDB/1.1.0 (Erlang OTP/R14B04)',
silly get cb     date: 'Mon, 20 Feb 2012 09:03:22 GMT',
silly get cb     'content-type': 'application/json',
silly get cb     'content-length': '52',
silly get cb     'cache-control': 'must-revalidate' } ]
ERR! 404 'node' is not in the npm registry.
ERR! 404 You should bug the author to publish it
ERR! 404 Note that you can also install from a
ERR! 404 tarball, folder, or http url, or git url.
ERR! 
ERR! System Windows_NT 6.2.8102
ERR! command "C:\\Program Files (x86)\\nodejs\\\\node.exe" "C:\\Program Files (x86)\\nodejs\\node_modules\\npm\\bin\\npm-cli.js" "install" "node"
ERR! cwd C:\Users\Oliv\Desktop\INGESUP\Twitter\Twitter\app\assets
ERR! node -v v0.6.8
ERR! npm -v 1.1.0-2
ERR! code E404
ERR! message 404 Not Found: node
ERR! errno {}
verbose exit [ 1, true ]
